<?xml version="1.0" encoding="UTF-8"?>
<testsuite name="chap01.CalculatorTest" tests="1" skipped="0" failures="0" errors="0" timestamp="2023-08-06T08:57:49" hostname="anseaui-MacBook.local" time="0.041">
  <properties/>
  <testcase name="plus()" classname="chap01.CalculatorTest" time="0.041"/>
  <system-out><![CDATA[]]></system-out>
  <system-err><![CDATA[]]></system-err>
</testsuite>
